# JRE version: Java(TM) SE Runtime Environment (8.0_231-b11) (build 1.8.0_231-b11)
# Java VM: Java HotSpot(TM) 64-Bit Server VM (25.231-b11 mixed mode windows-amd64 compressed oops)
Heap:
 PSYoungGen      total 138752K, used 108294K [0x000000076b180000, 0x0000000784a00000, 0x00000007c0000000)
  eden space 137728K, 78% used [0x000000076b180000,0x0000000771aa1930,0x0000000773800000)
  from space 1024K, 62% used [0x0000000784900000,0x00000007849a0120,0x0000000784a00000)
  to   space 5632K, 0% used [0x0000000783f00000,0x0000000783f00000,0x0000000784480000)
 ParOldGen       total 185344K, used 33455K [0x00000006c1400000, 0x00000006cc900000, 0x000000076b180000)
  object space 185344K, 18% used [0x00000006c1400000,0x00000006c34abd50,0x00000006cc900000)
 Metaspace       used 66987K, capacity 71912K, committed 71936K, reserved 1112064K
  class space    used 8427K, capacity 9213K, committed 9216K, reserved 1048576K
GC Heap History (10 events):
Event: 55150.788 GC heap before
{Heap before GC invocations=58 (full 4):
 PSYoungGen      total 162304K, used 155424K [0x000000076b180000, 0x0000000785b00000, 0x00000007c0000000)
  eden space 154624K, 100% used [0x000000076b180000,0x0000000774880000,0x0000000774880000)
  from space 7680K, 10% used [0x0000000784c80000,0x0000000784d48120,0x0000000785400000)
  to   space 7168K, 0% used [0x0000000785400000,0x0000000785400000,0x0000000785b00000)
 ParOldGen       total 185344K, used 33431K [0x00000006c1400000, 0x00000006cc900000, 0x000000076b180000)
  object space 185344K, 18% used [0x00000006c1400000,0x00000006c34a5d50,0x00000006cc900000)
 Metaspace       used 66983K, capacity 71912K, committed 71936K, reserved 1112064K
  class space    used 8427K, capacity 9213K, committed 9216K, reserved 1048576K
Event: 55150.791 GC heap after
Heap after GC invocations=58 (full 4):
 PSYoungGen      total 152064K, used 992K [0x000000076b180000, 0x0000000785500000, 0x00000007c0000000)
  eden space 151040K, 0% used [0x000000076b180000,0x000000076b180000,0x0000000774500000)
  from space 1024K, 96% used [0x0000000785400000,0x00000007854f8180,0x0000000785500000)
  to   space 6656K, 0% used [0x0000000784800000,0x0000000784800000,0x0000000784e80000)
 ParOldGen       total 185344K, used 33431K [0x00000006c1400000, 0x00000006cc900000, 0x000000076b180000)
  object space 185344K, 18% used [0x00000006c1400000,0x00000006c34a5d50,0x00000006cc900000)
 Metaspace       used 66983K, capacity 71912K, committed 71936K, reserved 1112064K
  class space    used 8427K, capacity 9213K, committed 9216K, reserved 1048576K
}
Event: 55806.612 GC heap before
{Heap before GC invocations=59 (full 4):
 PSYoungGen      total 152064K, used 152032K [0x000000076b180000, 0x0000000785500000, 0x00000007c0000000)
  eden space 151040K, 100% used [0x000000076b180000,0x0000000774500000,0x0000000774500000)
  from space 1024K, 96% used [0x0000000785400000,0x00000007854f8180,0x0000000785500000)
  to   space 6656K, 0% used [0x0000000784800000,0x0000000784800000,0x0000000784e80000)
 ParOldGen       total 185344K, used 33431K [0x00000006c1400000, 0x00000006cc900000, 0x000000076b180000)
  object space 185344K, 18% used [0x00000006c1400000,0x00000006c34a5d50,0x00000006cc900000)
 Metaspace       used 66983K, capacity 71912K, committed 71936K, reserved 1112064K
  class space    used 8427K, capacity 9213K, committed 9216K, reserved 1048576K
Event: 55806.614 GC heap after
Heap after GC invocations=59 (full 4):
 PSYoungGen      total 148480K, used 704K [0x000000076b180000, 0x0000000785480000, 0x00000007c0000000)
  eden space 147456K, 0% used [0x000000076b180000,0x000000076b180000,0x0000000774180000)
  from space 1024K, 68% used [0x0000000784800000,0x00000007848b0120,0x0000000784900000)
  to   space 6656K, 0% used [0x0000000784e00000,0x0000000784e00000,0x0000000785480000)
 ParOldGen       total 185344K, used 33447K [0x00000006c1400000, 0x00000006cc900000, 0x000000076b180000)
  object space 185344K, 18% used [0x00000006c1400000,0x00000006c34a9d50,0x00000006cc900000)
 Metaspace       used 66983K, capacity 71912K, committed 71936K, reserved 1112064K
  class space    used 8427K, capacity 9213K, committed 9216K, reserved 1048576K
}
Event: 56418.538 GC heap before
{Heap before GC invocations=60 (full 4):
 PSYoungGen      total 148480K, used 148160K [0x000000076b180000, 0x0000000785480000, 0x00000007c0000000)
  eden space 147456K, 100% used [0x000000076b180000,0x0000000774180000,0x0000000774180000)
  from space 1024K, 68% used [0x0000000784800000,0x00000007848b0120,0x0000000784900000)
  to   space 6656K, 0% used [0x0000000784e00000,0x0000000784e00000,0x0000000785480000)
 ParOldGen       total 185344K, used 33447K [0x00000006c1400000, 0x00000006cc900000, 0x000000076b180000)
  object space 185344K, 18% used [0x00000006c1400000,0x00000006c34a9d50,0x00000006cc900000)
 Metaspace       used 66985K, capacity 71912K, committed 71936K, reserved 1112064K
  class space    used 8427K, capacity 9213K, committed 9216K, reserved 1048576K
Event: 56418.540 GC heap after
Heap after GC invocations=60 (full 4):
 PSYoungGen      total 145408K, used 1024K [0x000000076b180000, 0x0000000784f80000, 0x00000007c0000000)
  eden space 143872K, 0% used [0x000000076b180000,0x000000076b180000,0x0000000773e00000)
  from space 1536K, 66% used [0x0000000784e00000,0x0000000784f001a0,0x0000000784f80000)
  to   space 6144K, 0% used [0x0000000784380000,0x0000000784380000,0x0000000784980000)
 ParOldGen       total 185344K, used 33455K [0x00000006c1400000, 0x00000006cc900000, 0x000000076b180000)
  object space 185344K, 18% used [0x00000006c1400000,0x00000006c34abd50,0x00000006cc900000)
 Metaspace       used 66985K, capacity 71912K, committed 71936K, reserved 1112064K
  class space    used 8427K, capacity 9213K, committed 9216K, reserved 1048576K
}
Event: 57041.133 GC heap before
{Heap before GC invocations=61 (full 4):
 PSYoungGen      total 145408K, used 144896K [0x000000076b180000, 0x0000000784f80000, 0x00000007c0000000)
  eden space 143872K, 100% used [0x000000076b180000,0x0000000773e00000,0x0000000773e00000)
  from space 1536K, 66% used [0x0000000784e00000,0x0000000784f001a0,0x0000000784f80000)
  to   space 6144K, 0% used [0x0000000784380000,0x0000000784380000,0x0000000784980000)
 ParOldGen       total 185344K, used 33455K [0x00000006c1400000, 0x00000006cc900000, 0x000000076b180000)
  object space 185344K, 18% used [0x00000006c1400000,0x00000006c34abd50,0x00000006cc900000)
 Metaspace       used 66985K, capacity 71912K, committed 71936K, reserved 1112064K
  class space    used 8427K, capacity 9213K, committed 9216K, reserved 1048576K
Event: 57041.136 GC heap after
Heap after GC invocations=61 (full 4):
 PSYoungGen      total 141824K, used 720K [0x000000076b180000, 0x0000000784e80000, 0x00000007c0000000)
  eden space 140800K, 0% used [0x000000076b180000,0x000000076b180000,0x0000000773b00000)
  from space 1024K, 70% used [0x0000000784380000,0x0000000784434130,0x0000000784480000)
  to   space 5632K, 0% used [0x0000000784900000,0x0000000784900000,0x0000000784e80000)
 ParOldGen       total 185344K, used 33455K [0x00000006c1400000, 0x00000006cc900000, 0x000000076b180000)
  object space 185344K, 18% used [0x00000006c1400000,0x00000006c34abd50,0x00000006cc900000)
 Metaspace       used 66985K, capacity 71912K, committed 71936K, reserved 1112064K
  class space    used 8427K, capacity 9213K, committed 9216K, reserved 1048576K
}
Event: 57654.094 GC heap before
{Heap before GC invocations=62 (full 4):
 PSYoungGen      total 141824K, used 141520K [0x000000076b180000, 0x0000000784e80000, 0x00000007c0000000)
  eden space 140800K, 100% used [0x000000076b180000,0x0000000773b00000,0x0000000773b00000)
  from space 1024K, 70% used [0x0000000784380000,0x0000000784434130,0x0000000784480000)
  to   space 5632K, 0% used [0x0000000784900000,0x0000000784900000,0x0000000784e80000)
 ParOldGen       total 185344K, used 33455K [0x00000006c1400000, 0x00000006cc900000, 0x000000076b180000)
  object space 185344K, 18% used [0x00000006c1400000,0x00000006c34abd50,0x00000006cc900000)
 Metaspace       used 66985K, capacity 71912K, committed 71936K, reserved 1112064K
  class space    used 8427K, capacity 9213K, committed 9216K, reserved 1048576K
Event: 57654.096 GC heap after
Heap after GC invocations=62 (full 4):
 PSYoungGen      total 138752K, used 640K [0x000000076b180000, 0x0000000784a00000, 0x00000007c0000000)
  eden space 137728K, 0% used [0x000000076b180000,0x000000076b180000,0x0000000773800000)
  from space 1024K, 62% used [0x0000000784900000,0x00000007849a0120,0x0000000784a00000)
  to   space 5632K, 0% used [0x0000000783f00000,0x0000000783f00000,0x0000000784480000)
 ParOldGen       total 185344K, used 33455K [0x00000006c1400000, 0x00000006cc900000, 0x000000076b180000)
  object space 185344K, 18% used [0x00000006c1400000,0x00000006c34abd50,0x00000006cc900000)
 Metaspace       used 66985K, capacity 71912K, committed 71936K, reserved 1112064K
  class space    used 8427K, capacity 9213K, committed 9216K, reserved 1048576K
}

