# JRE version: Java(TM) SE Runtime Environment (8.0_231-b11) (build 1.8.0_231-b11)
# Java VM: Java HotSpot(TM) 64-Bit Server VM (25.231-b11 mixed mode windows-amd64 compressed oops)
Heap:
 PSYoungGen      total 272384K, used 149872K [0x000000076b180000, 0x0000000788280000, 0x00000007c0000000)
  eden space 262144K, 57% used [0x000000076b180000,0x00000007743dc190,0x000000077b180000)
  from space 10240K, 0% used [0x000000077b180000,0x000000077b180000,0x000000077bb80000)
  to   space 14848K, 0% used [0x0000000787400000,0x0000000787400000,0x0000000788280000)
 ParOldGen       total 149504K, used 22353K [0x00000006c1400000, 0x00000006ca600000, 0x000000076b180000)
  object space 149504K, 14% used [0x00000006c1400000,0x00000006c29d46d8,0x00000006ca600000)
 Metaspace       used 49243K, capacity 51582K, committed 51712K, reserved 1093632K
  class space    used 6638K, capacity 7055K, committed 7168K, reserved 1048576K
GC Heap History (10 events):
Event: 2.482 GC heap before
{Heap before GC invocations=5 (full 0):
 PSYoungGen      total 141824K, used 137362K [0x000000076b180000, 0x0000000774680000, 0x00000007c0000000)
  eden space 131072K, 100% used [0x000000076b180000,0x0000000773180000,0x0000000773180000)
  from space 10752K, 58% used [0x0000000773c00000,0x0000000774224b88,0x0000000774680000)
  to   space 10752K, 0% used [0x0000000773180000,0x0000000773180000,0x0000000773c00000)
 ParOldGen       total 175104K, used 40K [0x00000006c1400000, 0x00000006cbf00000, 0x000000076b180000)
  object space 175104K, 0% used [0x00000006c1400000,0x00000006c140a000,0x00000006cbf00000)
 Metaspace       used 20176K, capacity 21002K, committed 21248K, reserved 1067008K
  class space    used 2505K, capacity 2698K, committed 2816K, reserved 1048576K
Event: 2.494 GC heap after
Heap after GC invocations=5 (full 0):
 PSYoungGen      total 141824K, used 8399K [0x000000076b180000, 0x000000077c580000, 0x00000007c0000000)
  eden space 131072K, 0% used [0x000000076b180000,0x000000076b180000,0x0000000773180000)
  from space 10752K, 78% used [0x0000000773180000,0x00000007739b3d38,0x0000000773c00000)
  to   space 10240K, 0% used [0x000000077bb80000,0x000000077bb80000,0x000000077c580000)
 ParOldGen       total 175104K, used 48K [0x00000006c1400000, 0x00000006cbf00000, 0x000000076b180000)
  object space 175104K, 0% used [0x00000006c1400000,0x00000006c140c000,0x00000006cbf00000)
 Metaspace       used 20176K, capacity 21002K, committed 21248K, reserved 1067008K
  class space    used 2505K, capacity 2698K, committed 2816K, reserved 1048576K
}
Event: 2.557 GC heap before
{Heap before GC invocations=6 (full 0):
 PSYoungGen      total 141824K, used 55415K [0x000000076b180000, 0x000000077c580000, 0x00000007c0000000)
  eden space 131072K, 35% used [0x000000076b180000,0x000000076df6a2a0,0x0000000773180000)
  from space 10752K, 78% used [0x0000000773180000,0x00000007739b3d38,0x0000000773c00000)
  to   space 10240K, 0% used [0x000000077bb80000,0x000000077bb80000,0x000000077c580000)
 ParOldGen       total 175104K, used 48K [0x00000006c1400000, 0x00000006cbf00000, 0x000000076b180000)
  object space 175104K, 0% used [0x00000006c1400000,0x00000006c140c000,0x00000006cbf00000)
 Metaspace       used 20311K, capacity 21086K, committed 21248K, reserved 1067008K
  class space    used 2519K, capacity 2702K, committed 2816K, reserved 1048576K
Event: 2.565 GC heap after
Heap after GC invocations=6 (full 0):
 PSYoungGen      total 272384K, used 6059K [0x000000076b180000, 0x000000077c580000, 0x00000007c0000000)
  eden space 262144K, 0% used [0x000000076b180000,0x000000076b180000,0x000000077b180000)
  from space 10240K, 59% used [0x000000077bb80000,0x000000077c16ad90,0x000000077c580000)
  to   space 10240K, 0% used [0x000000077b180000,0x000000077b180000,0x000000077bb80000)
 ParOldGen       total 175104K, used 56K [0x00000006c1400000, 0x00000006cbf00000, 0x000000076b180000)
  object space 175104K, 0% used [0x00000006c1400000,0x00000006c140e000,0x00000006cbf00000)
 Metaspace       used 20311K, capacity 21086K, committed 21248K, reserved 1067008K
  class space    used 2519K, capacity 2702K, committed 2816K, reserved 1048576K
}
Event: 2.565 GC heap before
{Heap before GC invocations=7 (full 1):
 PSYoungGen      total 272384K, used 6059K [0x000000076b180000, 0x000000077c580000, 0x00000007c0000000)
  eden space 262144K, 0% used [0x000000076b180000,0x000000076b180000,0x000000077b180000)
  from space 10240K, 59% used [0x000000077bb80000,0x000000077c16ad90,0x000000077c580000)
  to   space 10240K, 0% used [0x000000077b180000,0x000000077b180000,0x000000077bb80000)
 ParOldGen       total 175104K, used 56K [0x00000006c1400000, 0x00000006cbf00000, 0x000000076b180000)
  object space 175104K, 0% used [0x00000006c1400000,0x00000006c140e000,0x00000006cbf00000)
 Metaspace       used 20311K, capacity 21086K, committed 21248K, reserved 1067008K
  class space    used 2519K, capacity 2702K, committed 2816K, reserved 1048576K
Event: 2.604 GC heap after
Heap after GC invocations=7 (full 1):
 PSYoungGen      total 272384K, used 0K [0x000000076b180000, 0x000000077c580000, 0x00000007c0000000)
  eden space 262144K, 0% used [0x000000076b180000,0x000000076b180000,0x000000077b180000)
  from space 10240K, 0% used [0x000000077bb80000,0x000000077bb80000,0x000000077c580000)
  to   space 10240K, 0% used [0x000000077b180000,0x000000077b180000,0x000000077bb80000)
 ParOldGen       total 88576K, used 5973K [0x00000006c1400000, 0x00000006c6a80000, 0x000000076b180000)
  object space 88576K, 6% used [0x00000006c1400000,0x00000006c19d5540,0x00000006c6a80000)
 Metaspace       used 20309K, capacity 21080K, committed 21248K, reserved 1067008K
  class space    used 2518K, capacity 2701K, committed 2816K, reserved 1048576K
}
Event: 6.179 GC heap before
{Heap before GC invocations=8 (full 1):
 PSYoungGen      total 272384K, used 244075K [0x000000076b180000, 0x000000077c580000, 0x00000007c0000000)
  eden space 262144K, 93% used [0x000000076b180000,0x0000000779fdacf8,0x000000077b180000)
  from space 10240K, 0% used [0x000000077bb80000,0x000000077bb80000,0x000000077c580000)
  to   space 10240K, 0% used [0x000000077b180000,0x000000077b180000,0x000000077bb80000)
 ParOldGen       total 88576K, used 5973K [0x00000006c1400000, 0x00000006c6a80000, 0x000000076b180000)
  object space 88576K, 6% used [0x00000006c1400000,0x00000006c19d5540,0x00000006c6a80000)
 Metaspace       used 33439K, capacity 35328K, committed 35416K, reserved 1081344K
  class space    used 4221K, capacity 4592K, committed 4608K, reserved 1048576K
Event: 6.224 GC heap after
Heap after GC invocations=8 (full 1):
 PSYoungGen      total 272384K, used 10211K [0x000000076b180000, 0x0000000788280000, 0x00000007c0000000)
  eden space 262144K, 0% used [0x000000076b180000,0x000000076b180000,0x000000077b180000)
  from space 10240K, 99% used [0x000000077b180000,0x000000077bb78c48,0x000000077bb80000)
  to   space 14848K, 0% used [0x0000000787400000,0x0000000787400000,0x0000000788280000)
 ParOldGen       total 88576K, used 13116K [0x00000006c1400000, 0x00000006c6a80000, 0x000000076b180000)
  object space 88576K, 14% used [0x00000006c1400000,0x00000006c20cf348,0x00000006c6a80000)
 Metaspace       used 33439K, capacity 35328K, committed 35416K, reserved 1081344K
  class space    used 4221K, capacity 4592K, committed 4608K, reserved 1048576K
}
Event: 6.224 GC heap before
{Heap before GC invocations=9 (full 2):
 PSYoungGen      total 272384K, used 10211K [0x000000076b180000, 0x0000000788280000, 0x00000007c0000000)
  eden space 262144K, 0% used [0x000000076b180000,0x000000076b180000,0x000000077b180000)
  from space 10240K, 99% used [0x000000077b180000,0x000000077bb78c48,0x000000077bb80000)
  to   space 14848K, 0% used [0x0000000787400000,0x0000000787400000,0x0000000788280000)
 ParOldGen       total 88576K, used 13116K [0x00000006c1400000, 0x00000006c6a80000, 0x000000076b180000)
  object space 88576K, 14% used [0x00000006c1400000,0x00000006c20cf348,0x00000006c6a80000)
 Metaspace       used 33439K, capacity 35328K, committed 35416K, reserved 1081344K
  class space    used 4221K, capacity 4592K, committed 4608K, reserved 1048576K
Event: 6.432 GC heap after
Heap after GC invocations=9 (full 2):
 PSYoungGen      total 272384K, used 0K [0x000000076b180000, 0x0000000788280000, 0x00000007c0000000)
  eden space 262144K, 0% used [0x000000076b180000,0x000000076b180000,0x000000077b180000)
  from space 10240K, 0% used [0x000000077b180000,0x000000077b180000,0x000000077bb80000)
  to   space 14848K, 0% used [0x0000000787400000,0x0000000787400000,0x0000000788280000)
 ParOldGen       total 149504K, used 22353K [0x00000006c1400000, 0x00000006ca600000, 0x000000076b180000)
  object space 149504K, 14% used [0x00000006c1400000,0x00000006c29d46d8,0x00000006ca600000)
 Metaspace       used 33439K, capacity 35328K, committed 35416K, reserved 1081344K
  class space    used 4221K, capacity 4592K, committed 4608K, reserved 1048576K
}

