# JRE version: Java(TM) SE Runtime Environment (8.0_231-b11) (build 1.8.0_231-b11)
# Java VM: Java HotSpot(TM) 64-Bit Server VM (25.231-b11 mixed mode windows-amd64 compressed oops)
Heap:
 PSYoungGen      total 459776K, used 22806K [0x000000076b180000, 0x0000000791400000, 0x00000007c0000000)
  eden space 437248K, 3% used [0x000000076b180000,0x000000076c073480,0x0000000785c80000)
  from space 22528K, 33% used [0x0000000785c80000,0x00000007863d2430,0x0000000787280000)
  to   space 23040K, 0% used [0x000000078fd80000,0x000000078fd80000,0x0000000791400000)
 ParOldGen       total 175616K, used 29661K [0x00000006c1400000, 0x00000006cbf80000, 0x000000076b180000)
  object space 175616K, 16% used [0x00000006c1400000,0x00000006c30f7608,0x00000006cbf80000)
 Metaspace       used 62603K, capacity 66994K, committed 67200K, reserved 1107968K
  class space    used 8288K, capacity 8992K, committed 9088K, reserved 1048576K
GC Heap History (10 events):
Event: 83.554 GC heap before
{Heap before GC invocations=11 (full 2):
 PSYoungGen      total 427520K, used 125229K [0x000000076b180000, 0x0000000788880000, 0x00000007c0000000)
  eden space 412672K, 26% used [0x000000076b180000,0x0000000771d4cd38,0x0000000784480000)
  from space 14848K, 99% used [0x0000000787a00000,0x000000078887ea18,0x0000000788880000)
  to   space 22528K, 0% used [0x0000000785c80000,0x0000000785c80000,0x0000000787280000)
 ParOldGen       total 137216K, used 35317K [0x00000006c1400000, 0x00000006c9a00000, 0x000000076b180000)
  object space 137216K, 25% used [0x00000006c1400000,0x00000006c367d7e0,0x00000006c9a00000)
 Metaspace       used 55576K, capacity 58888K, committed 59028K, reserved 1099776K
  class space    used 7539K, capacity 8078K, committed 8192K, reserved 1048576K
Event: 83.580 GC heap after
Heap after GC invocations=11 (full 2):
 PSYoungGen      total 459776K, used 17156K [0x000000076b180000, 0x000000078ed80000, 0x00000007c0000000)
  eden space 437248K, 0% used [0x000000076b180000,0x000000076b180000,0x0000000785c80000)
  from space 22528K, 76% used [0x0000000785c80000,0x0000000786d411e0,0x0000000787280000)
  to   space 24064K, 0% used [0x000000078d600000,0x000000078d600000,0x000000078ed80000)
 ParOldGen       total 137216K, used 35325K [0x00000006c1400000, 0x00000006c9a00000, 0x000000076b180000)
  object space 137216K, 25% used [0x00000006c1400000,0x00000006c367f7e0,0x00000006c9a00000)
 Metaspace       used 55576K, capacity 58888K, committed 59028K, reserved 1099776K
  class space    used 7539K, capacity 8078K, committed 8192K, reserved 1048576K
}
Event: 83.580 GC heap before
{Heap before GC invocations=12 (full 3):
 PSYoungGen      total 459776K, used 17156K [0x000000076b180000, 0x000000078ed80000, 0x00000007c0000000)
  eden space 437248K, 0% used [0x000000076b180000,0x000000076b180000,0x0000000785c80000)
  from space 22528K, 76% used [0x0000000785c80000,0x0000000786d411e0,0x0000000787280000)
  to   space 24064K, 0% used [0x000000078d600000,0x000000078d600000,0x000000078ed80000)
 ParOldGen       total 137216K, used 35325K [0x00000006c1400000, 0x00000006c9a00000, 0x000000076b180000)
  object space 137216K, 25% used [0x00000006c1400000,0x00000006c367f7e0,0x00000006c9a00000)
 Metaspace       used 55576K, capacity 58888K, committed 59028K, reserved 1099776K
  class space    used 7539K, capacity 8078K, committed 8192K, reserved 1048576K
Event: 83.774 GC heap after
Heap after GC invocations=12 (full 3):
 PSYoungGen      total 459776K, used 0K [0x000000076b180000, 0x000000078ed80000, 0x00000007c0000000)
  eden space 437248K, 0% used [0x000000076b180000,0x000000076b180000,0x0000000785c80000)
  from space 22528K, 0% used [0x0000000785c80000,0x0000000785c80000,0x0000000787280000)
  to   space 24064K, 0% used [0x000000078d600000,0x000000078d600000,0x000000078ed80000)
 ParOldGen       total 175616K, used 28079K [0x00000006c1400000, 0x00000006cbf80000, 0x000000076b180000)
  object space 175616K, 15% used [0x00000006c1400000,0x00000006c2f6bc28,0x00000006cbf80000)
 Metaspace       used 55576K, capacity 58888K, committed 59028K, reserved 1099776K
  class space    used 7539K, capacity 8078K, committed 8192K, reserved 1048576K
}
Event: 501.707 GC heap before
{Heap before GC invocations=13 (full 3):
 PSYoungGen      total 459776K, used 152638K [0x000000076b180000, 0x000000078ed80000, 0x00000007c0000000)
  eden space 437248K, 34% used [0x000000076b180000,0x000000077468f890,0x0000000785c80000)
  from space 22528K, 0% used [0x0000000785c80000,0x0000000785c80000,0x0000000787280000)
  to   space 24064K, 0% used [0x000000078d600000,0x000000078d600000,0x000000078ed80000)
 ParOldGen       total 175616K, used 28079K [0x00000006c1400000, 0x00000006cbf80000, 0x000000076b180000)
  object space 175616K, 15% used [0x00000006c1400000,0x00000006c2f6bc28,0x00000006cbf80000)
 Metaspace       used 61884K, capacity 66114K, committed 66304K, reserved 1105920K
  class space    used 8249K, capacity 8924K, committed 8960K, reserved 1048576K
Event: 501.723 GC heap after
Heap after GC invocations=13 (full 3):
 PSYoungGen      total 461312K, used 5012K [0x000000076b180000, 0x000000078ed80000, 0x00000007c0000000)
  eden space 437248K, 0% used [0x000000076b180000,0x000000076b180000,0x0000000785c80000)
  from space 24064K, 20% used [0x000000078d600000,0x000000078dae5328,0x000000078ed80000)
  to   space 22528K, 0% used [0x0000000785c80000,0x0000000785c80000,0x0000000787280000)
 ParOldGen       total 175616K, used 28087K [0x00000006c1400000, 0x00000006cbf80000, 0x000000076b180000)
  object space 175616K, 15% used [0x00000006c1400000,0x00000006c2f6dc28,0x00000006cbf80000)
 Metaspace       used 61884K, capacity 66114K, committed 66304K, reserved 1105920K
  class space    used 8249K, capacity 8924K, committed 8960K, reserved 1048576K
}
Event: 501.723 GC heap before
{Heap before GC invocations=14 (full 4):
 PSYoungGen      total 461312K, used 5012K [0x000000076b180000, 0x000000078ed80000, 0x00000007c0000000)
  eden space 437248K, 0% used [0x000000076b180000,0x000000076b180000,0x0000000785c80000)
  from space 24064K, 20% used [0x000000078d600000,0x000000078dae5328,0x000000078ed80000)
  to   space 22528K, 0% used [0x0000000785c80000,0x0000000785c80000,0x0000000787280000)
 ParOldGen       total 175616K, used 28087K [0x00000006c1400000, 0x00000006cbf80000, 0x000000076b180000)
  object space 175616K, 15% used [0x00000006c1400000,0x00000006c2f6dc28,0x00000006cbf80000)
 Metaspace       used 61884K, capacity 66114K, committed 66304K, reserved 1105920K
  class space    used 8249K, capacity 8924K, committed 8960K, reserved 1048576K
Event: 502.051 GC heap after
Heap after GC invocations=14 (full 4):
 PSYoungGen      total 461312K, used 0K [0x000000076b180000, 0x000000078ed80000, 0x00000007c0000000)
  eden space 437248K, 0% used [0x000000076b180000,0x000000076b180000,0x0000000785c80000)
  from space 24064K, 0% used [0x000000078d600000,0x000000078d600000,0x000000078ed80000)
  to   space 22528K, 0% used [0x0000000785c80000,0x0000000785c80000,0x0000000787280000)
 ParOldGen       total 175616K, used 29653K [0x00000006c1400000, 0x00000006cbf80000, 0x000000076b180000)
  object space 175616K, 16% used [0x00000006c1400000,0x00000006c30f5608,0x00000006cbf80000)
 Metaspace       used 61884K, capacity 66114K, committed 66304K, reserved 1105920K
  class space    used 8249K, capacity 8924K, committed 8960K, reserved 1048576K
}
Event: 504.766 GC heap before
{Heap before GC invocations=15 (full 4):
 PSYoungGen      total 461312K, used 437248K [0x000000076b180000, 0x000000078ed80000, 0x00000007c0000000)
  eden space 437248K, 100% used [0x000000076b180000,0x0000000785c80000,0x0000000785c80000)
  from space 24064K, 0% used [0x000000078d600000,0x000000078d600000,0x000000078ed80000)
  to   space 22528K, 0% used [0x0000000785c80000,0x0000000785c80000,0x0000000787280000)
 ParOldGen       total 175616K, used 29653K [0x00000006c1400000, 0x00000006cbf80000, 0x000000076b180000)
  object space 175616K, 16% used [0x00000006c1400000,0x00000006c30f5608,0x00000006cbf80000)
 Metaspace       used 62557K, capacity 66894K, committed 67200K, reserved 1107968K
  class space    used 8282K, capacity 8986K, committed 9088K, reserved 1048576K
Event: 504.785 GC heap after
Heap after GC invocations=15 (full 4):
 PSYoungGen      total 459776K, used 7497K [0x000000076b180000, 0x0000000791400000, 0x00000007c0000000)
  eden space 437248K, 0% used [0x000000076b180000,0x000000076b180000,0x0000000785c80000)
  from space 22528K, 33% used [0x0000000785c80000,0x00000007863d2430,0x0000000787280000)
  to   space 23040K, 0% used [0x000000078fd80000,0x000000078fd80000,0x0000000791400000)
 ParOldGen       total 175616K, used 29661K [0x00000006c1400000, 0x00000006cbf80000, 0x000000076b180000)
  object space 175616K, 16% used [0x00000006c1400000,0x00000006c30f7608,0x00000006cbf80000)
 Metaspace       used 62557K, capacity 66894K, committed 67200K, reserved 1107968K
  class space    used 8282K, capacity 8986K, committed 9088K, reserved 1048576K
}

