# JRE version: Java(TM) SE Runtime Environment (8.0_231-b11) (build 1.8.0_231-b11)
# Java VM: Java HotSpot(TM) 64-Bit Server VM (25.231-b11 mixed mode windows-amd64 compressed oops)
Heap:
 PSYoungGen      total 228864K, used 169494K [0x000000076b180000, 0x000000077a100000, 0x00000007c0000000)
  eden space 217600K, 77% used [0x000000076b180000,0x0000000775705898,0x0000000778600000)
  from space 11264K, 0% used [0x0000000779600000,0x0000000779600000,0x000000077a100000)
  to   space 12800K, 0% used [0x0000000778800000,0x0000000778800000,0x0000000779480000)
 ParOldGen       total 133632K, used 16424K [0x00000006c1400000, 0x00000006c9680000, 0x000000076b180000)
  object space 133632K, 12% used [0x00000006c1400000,0x00000006c240a090,0x00000006c9680000)
 Metaspace       used 50005K, capacity 52664K, committed 52864K, reserved 1095680K
  class space    used 6762K, capacity 7242K, committed 7296K, reserved 1048576K
GC Heap History (10 events):
Event: 3.500 GC heap before
{Heap before GC invocations=6 (full 0):
 PSYoungGen      total 76288K, used 46803K [0x000000076b180000, 0x0000000774580000, 0x00000007c0000000)
  eden space 65536K, 58% used [0x000000076b180000,0x000000076d71e6b8,0x000000076f180000)
  from space 10752K, 77% used [0x000000076f180000,0x000000076f9967d0,0x000000076fc00000)
  to   space 10240K, 0% used [0x0000000773b80000,0x0000000773b80000,0x0000000774580000)
 ParOldGen       total 175104K, used 48K [0x00000006c1400000, 0x00000006cbf00000, 0x000000076b180000)
  object space 175104K, 0% used [0x00000006c1400000,0x00000006c140c000,0x00000006cbf00000)
 Metaspace       used 20309K, capacity 21086K, committed 21248K, reserved 1067008K
  class space    used 2516K, capacity 2702K, committed 2816K, reserved 1048576K
Event: 3.509 GC heap after
Heap after GC invocations=6 (full 0):
 PSYoungGen      total 140288K, used 6011K [0x000000076b180000, 0x0000000774480000, 0x00000007c0000000)
  eden space 131072K, 0% used [0x000000076b180000,0x000000076b180000,0x0000000773180000)
  from space 9216K, 65% used [0x0000000773b80000,0x000000077415eda0,0x0000000774480000)
  to   space 9728K, 0% used [0x0000000773180000,0x0000000773180000,0x0000000773b00000)
 ParOldGen       total 175104K, used 56K [0x00000006c1400000, 0x00000006cbf00000, 0x000000076b180000)
  object space 175104K, 0% used [0x00000006c1400000,0x00000006c140e000,0x00000006cbf00000)
 Metaspace       used 20309K, capacity 21086K, committed 21248K, reserved 1067008K
  class space    used 2516K, capacity 2702K, committed 2816K, reserved 1048576K
}
Event: 3.509 GC heap before
{Heap before GC invocations=7 (full 1):
 PSYoungGen      total 140288K, used 6011K [0x000000076b180000, 0x0000000774480000, 0x00000007c0000000)
  eden space 131072K, 0% used [0x000000076b180000,0x000000076b180000,0x0000000773180000)
  from space 9216K, 65% used [0x0000000773b80000,0x000000077415eda0,0x0000000774480000)
  to   space 9728K, 0% used [0x0000000773180000,0x0000000773180000,0x0000000773b00000)
 ParOldGen       total 175104K, used 56K [0x00000006c1400000, 0x00000006cbf00000, 0x000000076b180000)
  object space 175104K, 0% used [0x00000006c1400000,0x00000006c140e000,0x00000006cbf00000)
 Metaspace       used 20309K, capacity 21086K, committed 21248K, reserved 1067008K
  class space    used 2516K, capacity 2702K, committed 2816K, reserved 1048576K
Event: 3.551 GC heap after
Heap after GC invocations=7 (full 1):
 PSYoungGen      total 140288K, used 0K [0x000000076b180000, 0x0000000774480000, 0x00000007c0000000)
  eden space 131072K, 0% used [0x000000076b180000,0x000000076b180000,0x0000000773180000)
  from space 9216K, 0% used [0x0000000773b80000,0x0000000773b80000,0x0000000774480000)
  to   space 9728K, 0% used [0x0000000773180000,0x0000000773180000,0x0000000773b00000)
 ParOldGen       total 89088K, used 5943K [0x00000006c1400000, 0x00000006c6b00000, 0x000000076b180000)
  object space 89088K, 6% used [0x00000006c1400000,0x00000006c19cdc08,0x00000006c6b00000)
 Metaspace       used 20306K, capacity 21078K, committed 21248K, reserved 1067008K
  class space    used 2515K, capacity 2700K, committed 2816K, reserved 1048576K
}
Event: 5.950 GC heap before
{Heap before GC invocations=8 (full 1):
 PSYoungGen      total 140288K, used 131029K [0x000000076b180000, 0x0000000774480000, 0x00000007c0000000)
  eden space 131072K, 99% used [0x000000076b180000,0x0000000773175750,0x0000000773180000)
  from space 9216K, 0% used [0x0000000773b80000,0x0000000773b80000,0x0000000774480000)
  to   space 9728K, 0% used [0x0000000773180000,0x0000000773180000,0x0000000773b00000)
 ParOldGen       total 89088K, used 5943K [0x00000006c1400000, 0x00000006c6b00000, 0x000000076b180000)
  object space 89088K, 6% used [0x00000006c1400000,0x00000006c19cdc08,0x00000006c6b00000)
 Metaspace       used 28677K, capacity 30460K, committed 30720K, reserved 1075200K
  class space    used 3681K, capacity 4024K, committed 4096K, reserved 1048576K
Event: 5.966 GC heap after
Heap after GC invocations=8 (full 1):
 PSYoungGen      total 140800K, used 9722K [0x000000076b180000, 0x000000077a180000, 0x00000007c0000000)
  eden space 131072K, 0% used [0x000000076b180000,0x000000076b180000,0x0000000773180000)
  from space 9728K, 99% used [0x0000000773180000,0x0000000773afeac8,0x0000000773b00000)
  to   space 11776K, 0% used [0x0000000779600000,0x0000000779600000,0x000000077a180000)
 ParOldGen       total 89088K, used 7915K [0x00000006c1400000, 0x00000006c6b00000, 0x000000076b180000)
  object space 89088K, 8% used [0x00000006c1400000,0x00000006c1bbaef8,0x00000006c6b00000)
 Metaspace       used 28677K, capacity 30460K, committed 30720K, reserved 1075200K
  class space    used 3681K, capacity 4024K, committed 4096K, reserved 1048576K
}
Event: 6.915 GC heap before
{Heap before GC invocations=9 (full 1):
 PSYoungGen      total 140800K, used 117161K [0x000000076b180000, 0x000000077a180000, 0x00000007c0000000)
  eden space 131072K, 81% used [0x000000076b180000,0x0000000771a6bcd8,0x0000000773180000)
  from space 9728K, 99% used [0x0000000773180000,0x0000000773afeac8,0x0000000773b00000)
  to   space 11776K, 0% used [0x0000000779600000,0x0000000779600000,0x000000077a180000)
 ParOldGen       total 89088K, used 7915K [0x00000006c1400000, 0x00000006c6b00000, 0x000000076b180000)
  object space 89088K, 8% used [0x00000006c1400000,0x00000006c1bbaef8,0x00000006c6b00000)
 Metaspace       used 33421K, capacity 35332K, committed 35416K, reserved 1081344K
  class space    used 4222K, capacity 4592K, committed 4608K, reserved 1048576K
Event: 6.926 GC heap after
Heap after GC invocations=9 (full 1):
 PSYoungGen      total 228864K, used 11129K [0x000000076b180000, 0x000000077a100000, 0x00000007c0000000)
  eden space 217600K, 0% used [0x000000076b180000,0x000000076b180000,0x0000000778600000)
  from space 11264K, 98% used [0x0000000779600000,0x000000077a0de610,0x000000077a100000)
  to   space 12800K, 0% used [0x0000000778800000,0x0000000778800000,0x0000000779480000)
 ParOldGen       total 89088K, used 7923K [0x00000006c1400000, 0x00000006c6b00000, 0x000000076b180000)
  object space 89088K, 8% used [0x00000006c1400000,0x00000006c1bbcef8,0x00000006c6b00000)
 Metaspace       used 33421K, capacity 35332K, committed 35416K, reserved 1081344K
  class space    used 4222K, capacity 4592K, committed 4608K, reserved 1048576K
}
Event: 6.926 GC heap before
{Heap before GC invocations=10 (full 2):
 PSYoungGen      total 228864K, used 11129K [0x000000076b180000, 0x000000077a100000, 0x00000007c0000000)
  eden space 217600K, 0% used [0x000000076b180000,0x000000076b180000,0x0000000778600000)
  from space 11264K, 98% used [0x0000000779600000,0x000000077a0de610,0x000000077a100000)
  to   space 12800K, 0% used [0x0000000778800000,0x0000000778800000,0x0000000779480000)
 ParOldGen       total 89088K, used 7923K [0x00000006c1400000, 0x00000006c6b00000, 0x000000076b180000)
  object space 89088K, 8% used [0x00000006c1400000,0x00000006c1bbcef8,0x00000006c6b00000)
 Metaspace       used 33421K, capacity 35332K, committed 35416K, reserved 1081344K
  class space    used 4222K, capacity 4592K, committed 4608K, reserved 1048576K
Event: 6.990 GC heap after
Heap after GC invocations=10 (full 2):
 PSYoungGen      total 228864K, used 0K [0x000000076b180000, 0x000000077a100000, 0x00000007c0000000)
  eden space 217600K, 0% used [0x000000076b180000,0x000000076b180000,0x0000000778600000)
  from space 11264K, 0% used [0x0000000779600000,0x0000000779600000,0x000000077a100000)
  to   space 12800K, 0% used [0x0000000778800000,0x0000000778800000,0x0000000779480000)
 ParOldGen       total 133632K, used 16424K [0x00000006c1400000, 0x00000006c9680000, 0x000000076b180000)
  object space 133632K, 12% used [0x00000006c1400000,0x00000006c240a090,0x00000006c9680000)
 Metaspace       used 33421K, capacity 35332K, committed 35416K, reserved 1081344K
  class space    used 4222K, capacity 4592K, committed 4608K, reserved 1048576K
}

