# JRE version: Java(TM) SE Runtime Environment (8.0_231-b11) (build 1.8.0_231-b11)
# Java VM: Java HotSpot(TM) 64-Bit Server VM (25.231-b11 mixed mode windows-amd64 compressed oops)
Heap:
 PSYoungGen      total 272384K, used 77776K [0x000000076b180000, 0x0000000787600000, 0x00000007c0000000)
  eden space 262144K, 29% used [0x000000076b180000,0x000000076fd74338,0x000000077b180000)
  from space 10240K, 0% used [0x000000077b180000,0x000000077b180000,0x000000077bb80000)
  to   space 14848K, 0% used [0x0000000786780000,0x0000000786780000,0x0000000787600000)
 ParOldGen       total 144384K, used 21953K [0x00000006c1400000, 0x00000006ca100000, 0x000000076b180000)
  object space 144384K, 15% used [0x00000006c1400000,0x00000006c2970600,0x00000006ca100000)
 Metaspace       used 39744K, capacity 41740K, committed 41984K, reserved 1085440K
  class space    used 5227K, capacity 5598K, committed 5632K, reserved 1048576K
GC Heap History (10 events):
Event: 2.306 GC heap before
{Heap before GC invocations=5 (full 0):
 PSYoungGen      total 141824K, used 137329K [0x000000076b180000, 0x0000000774680000, 0x00000007c0000000)
  eden space 131072K, 100% used [0x000000076b180000,0x0000000773180000,0x0000000773180000)
  from space 10752K, 58% used [0x0000000773c00000,0x000000077421c548,0x0000000774680000)
  to   space 10752K, 0% used [0x0000000773180000,0x0000000773180000,0x0000000773c00000)
 ParOldGen       total 175104K, used 40K [0x00000006c1400000, 0x00000006cbf00000, 0x000000076b180000)
  object space 175104K, 0% used [0x00000006c1400000,0x00000006c140a000,0x00000006cbf00000)
 Metaspace       used 20172K, capacity 20996K, committed 21248K, reserved 1067008K
  class space    used 2502K, capacity 2697K, committed 2816K, reserved 1048576K
Event: 2.316 GC heap after
Heap after GC invocations=5 (full 0):
 PSYoungGen      total 141824K, used 8367K [0x000000076b180000, 0x000000077c580000, 0x00000007c0000000)
  eden space 131072K, 0% used [0x000000076b180000,0x000000076b180000,0x0000000773180000)
  from space 10752K, 77% used [0x0000000773180000,0x00000007739abd90,0x0000000773c00000)
  to   space 10240K, 0% used [0x000000077bb80000,0x000000077bb80000,0x000000077c580000)
 ParOldGen       total 175104K, used 48K [0x00000006c1400000, 0x00000006cbf00000, 0x000000076b180000)
  object space 175104K, 0% used [0x00000006c1400000,0x00000006c140c000,0x00000006cbf00000)
 Metaspace       used 20172K, capacity 20996K, committed 21248K, reserved 1067008K
  class space    used 2502K, capacity 2697K, committed 2816K, reserved 1048576K
}
Event: 2.391 GC heap before
{Heap before GC invocations=6 (full 0):
 PSYoungGen      total 141824K, used 57969K [0x000000076b180000, 0x000000077c580000, 0x00000007c0000000)
  eden space 131072K, 37% used [0x000000076b180000,0x000000076e1f0790,0x0000000773180000)
  from space 10752K, 77% used [0x0000000773180000,0x00000007739abd90,0x0000000773c00000)
  to   space 10240K, 0% used [0x000000077bb80000,0x000000077bb80000,0x000000077c580000)
 ParOldGen       total 175104K, used 48K [0x00000006c1400000, 0x00000006cbf00000, 0x000000076b180000)
  object space 175104K, 0% used [0x00000006c1400000,0x00000006c140c000,0x00000006cbf00000)
 Metaspace       used 20317K, capacity 21080K, committed 21248K, reserved 1067008K
  class space    used 2516K, capacity 2701K, committed 2816K, reserved 1048576K
Event: 2.400 GC heap after
Heap after GC invocations=6 (full 0):
 PSYoungGen      total 272384K, used 6026K [0x000000076b180000, 0x000000077c580000, 0x00000007c0000000)
  eden space 262144K, 0% used [0x000000076b180000,0x000000076b180000,0x000000077b180000)
  from space 10240K, 58% used [0x000000077bb80000,0x000000077c162a30,0x000000077c580000)
  to   space 10240K, 0% used [0x000000077b180000,0x000000077b180000,0x000000077bb80000)
 ParOldGen       total 175104K, used 56K [0x00000006c1400000, 0x00000006cbf00000, 0x000000076b180000)
  object space 175104K, 0% used [0x00000006c1400000,0x00000006c140e000,0x00000006cbf00000)
 Metaspace       used 20317K, capacity 21080K, committed 21248K, reserved 1067008K
  class space    used 2516K, capacity 2701K, committed 2816K, reserved 1048576K
}
Event: 2.400 GC heap before
{Heap before GC invocations=7 (full 1):
 PSYoungGen      total 272384K, used 6026K [0x000000076b180000, 0x000000077c580000, 0x00000007c0000000)
  eden space 262144K, 0% used [0x000000076b180000,0x000000076b180000,0x000000077b180000)
  from space 10240K, 58% used [0x000000077bb80000,0x000000077c162a30,0x000000077c580000)
  to   space 10240K, 0% used [0x000000077b180000,0x000000077b180000,0x000000077bb80000)
 ParOldGen       total 175104K, used 56K [0x00000006c1400000, 0x00000006cbf00000, 0x000000076b180000)
  object space 175104K, 0% used [0x00000006c1400000,0x00000006c140e000,0x00000006cbf00000)
 Metaspace       used 20317K, capacity 21080K, committed 21248K, reserved 1067008K
  class space    used 2516K, capacity 2701K, committed 2816K, reserved 1048576K
Event: 2.444 GC heap after
Heap after GC invocations=7 (full 1):
 PSYoungGen      total 272384K, used 0K [0x000000076b180000, 0x000000077c580000, 0x00000007c0000000)
  eden space 262144K, 0% used [0x000000076b180000,0x000000076b180000,0x000000077b180000)
  from space 10240K, 0% used [0x000000077bb80000,0x000000077bb80000,0x000000077c580000)
  to   space 10240K, 0% used [0x000000077b180000,0x000000077b180000,0x000000077bb80000)
 ParOldGen       total 91136K, used 5962K [0x00000006c1400000, 0x00000006c6d00000, 0x000000076b180000)
  object space 91136K, 6% used [0x00000006c1400000,0x00000006c19d2aa8,0x00000006c6d00000)
 Metaspace       used 20317K, capacity 21080K, committed 21248K, reserved 1067008K
  class space    used 2516K, capacity 2701K, committed 2816K, reserved 1048576K
}
Event: 6.263 GC heap before
{Heap before GC invocations=8 (full 1):
 PSYoungGen      total 272384K, used 243051K [0x000000076b180000, 0x000000077c580000, 0x00000007c0000000)
  eden space 262144K, 92% used [0x000000076b180000,0x0000000779edaea0,0x000000077b180000)
  from space 10240K, 0% used [0x000000077bb80000,0x000000077bb80000,0x000000077c580000)
  to   space 10240K, 0% used [0x000000077b180000,0x000000077b180000,0x000000077bb80000)
 ParOldGen       total 91136K, used 5962K [0x00000006c1400000, 0x00000006c6d00000, 0x000000076b180000)
  object space 91136K, 6% used [0x00000006c1400000,0x00000006c19d2aa8,0x00000006c6d00000)
 Metaspace       used 33406K, capacity 35328K, committed 35416K, reserved 1081344K
  class space    used 4215K, capacity 4592K, committed 4608K, reserved 1048576K
Event: 6.283 GC heap after
Heap after GC invocations=8 (full 1):
 PSYoungGen      total 272384K, used 10214K [0x000000076b180000, 0x0000000787600000, 0x00000007c0000000)
  eden space 262144K, 0% used [0x000000076b180000,0x000000076b180000,0x000000077b180000)
  from space 10240K, 99% used [0x000000077b180000,0x000000077bb79b58,0x000000077bb80000)
  to   space 14848K, 0% used [0x0000000786780000,0x0000000786780000,0x0000000787600000)
 ParOldGen       total 91136K, used 12689K [0x00000006c1400000, 0x00000006c6d00000, 0x000000076b180000)
  object space 91136K, 13% used [0x00000006c1400000,0x00000006c2064530,0x00000006c6d00000)
 Metaspace       used 33406K, capacity 35328K, committed 35416K, reserved 1081344K
  class space    used 4215K, capacity 4592K, committed 4608K, reserved 1048576K
}
Event: 6.283 GC heap before
{Heap before GC invocations=9 (full 2):
 PSYoungGen      total 272384K, used 10214K [0x000000076b180000, 0x0000000787600000, 0x00000007c0000000)
  eden space 262144K, 0% used [0x000000076b180000,0x000000076b180000,0x000000077b180000)
  from space 10240K, 99% used [0x000000077b180000,0x000000077bb79b58,0x000000077bb80000)
  to   space 14848K, 0% used [0x0000000786780000,0x0000000786780000,0x0000000787600000)
 ParOldGen       total 91136K, used 12689K [0x00000006c1400000, 0x00000006c6d00000, 0x000000076b180000)
  object space 91136K, 13% used [0x00000006c1400000,0x00000006c2064530,0x00000006c6d00000)
 Metaspace       used 33406K, capacity 35328K, committed 35416K, reserved 1081344K
  class space    used 4215K, capacity 4592K, committed 4608K, reserved 1048576K
Event: 6.386 GC heap after
Heap after GC invocations=9 (full 2):
 PSYoungGen      total 272384K, used 0K [0x000000076b180000, 0x0000000787600000, 0x00000007c0000000)
  eden space 262144K, 0% used [0x000000076b180000,0x000000076b180000,0x000000077b180000)
  from space 10240K, 0% used [0x000000077b180000,0x000000077b180000,0x000000077bb80000)
  to   space 14848K, 0% used [0x0000000786780000,0x0000000786780000,0x0000000787600000)
 ParOldGen       total 144384K, used 21953K [0x00000006c1400000, 0x00000006ca100000, 0x000000076b180000)
  object space 144384K, 15% used [0x00000006c1400000,0x00000006c2970600,0x00000006ca100000)
 Metaspace       used 33406K, capacity 35328K, committed 35416K, reserved 1081344K
  class space    used 4215K, capacity 4592K, committed 4608K, reserved 1048576K
}

